0 info it worked if it ends with ok
1 verbose cli [ '/usr/bin/nodejs', '/usr/bin/npm', 'publish', '.' ]
2 info using npm@1.3.10
3 info using node@v0.10.25
4 verbose publish [ '.' ]
5 error Error: No version provided
5 error     at needVersion (/usr/share/npm/lib/publish.js:115:40)
5 error     at /usr/share/npm/lib/publish.js:35:10
5 error     at /usr/lib/nodejs/read-package-json/read-json.js:50:40
5 error     at final (/usr/lib/nodejs/read-package-json/read-json.js:317:17)
5 error     at then (/usr/lib/nodejs/read-package-json/read-json.js:124:33)
5 error     at /usr/lib/nodejs/read-package-json/read-json.js:299:40
5 error     at fs.js:268:14
5 error     at /usr/lib/nodejs/graceful-fs/graceful-fs.js:103:5
5 error     at Object.oncomplete (fs.js:107:15)
6 error If you need help, you may report this log at:
6 error     <http://github.com/isaacs/npm/issues>
6 error or email it to:
6 error     <npm-@googlegroups.com>
7 error System Linux 3.13.0-24-generic
8 error command "/usr/bin/nodejs" "/usr/bin/npm" "publish" "."
9 error cwd /media/michael/SSD/projects/dlir/passport-employer-dcs
10 error node -v v0.10.25
11 error npm -v 1.3.10
12 verbose exit [ 1, true ]
